Performing C SOURCE FILE Test CMAKE_HAVE_LIBC_PTHREAD failed with the following output:
Change Dir: /home/macj/fact/FACT++/build/CMakeFiles/CMakeTmp

Run Build Command(s):/usr/bin/gmake cmTC_da98d/fast && /usr/bin/gmake  -f CMakeFiles/cmTC_da98d.dir/build.make CMakeFiles/cmTC_da98d.dir/build
gmake[1]: se entra en el directorio '/home/macj/fact/FACT++/build/CMakeFiles/CMakeTmp'
Building C object CMakeFiles/cmTC_da98d.dir/src.c.o
/usr/bin/clang   -DCMAKE_HAVE_LIBC_PTHREAD   -o CMakeFiles/cmTC_da98d.dir/src.c.o   -c /home/macj/fact/FACT++/build/CMakeFiles/CMakeTmp/src.c
Linking C executable cmTC_da98d
/usr/bin/cmake -E cmake_link_script CMakeFiles/cmTC_da98d.dir/link.txt --verbose=1
/usr/bin/clang  -DCMAKE_HAVE_LIBC_PTHREAD    -rdynamic CMakeFiles/cmTC_da98d.dir/src.c.o  -o cmTC_da98d 
/usr/bin/ld: CMakeFiles/cmTC_da98d.dir/src.c.o: en la función `main':
src.c:(.text+0x35): referencia a `pthread_create' sin definir
/usr/bin/ld: src.c:(.text+0x41): referencia a `pthread_detach' sin definir
/usr/bin/ld: src.c:(.text+0x4d): referencia a `pthread_cancel' sin definir
/usr/bin/ld: src.c:(.text+0x5f): referencia a `pthread_join' sin definir
clang-10: error: linker command failed with exit code 1 (use -v to see invocation)
gmake[1]: *** [CMakeFiles/cmTC_da98d.dir/build.make:107: cmTC_da98d] Error 1
gmake[1]: se sale del directorio '/home/macj/fact/FACT++/build/CMakeFiles/CMakeTmp'
gmake: *** [Makefile:141: cmTC_da98d/fast] Error 2


Source file was:
#include <pthread.h>

void* test_func(void* data)
{
  return data;
}

int main(void)
{
  pthread_t thread;
  pthread_create(&thread, NULL, test_func, NULL);
  pthread_detach(thread);
  pthread_cancel(thread);
  pthread_join(thread, NULL);
  pthread_atfork(NULL, NULL, NULL);
  pthread_exit(NULL);

  return 0;
}

Determining if the function pthread_create exists in the pthreads failed with the following output:
Change Dir: /home/macj/fact/FACT++/build/CMakeFiles/CMakeTmp

Run Build Command(s):/usr/bin/gmake cmTC_96ccf/fast && /usr/bin/gmake  -f CMakeFiles/cmTC_96ccf.dir/build.make CMakeFiles/cmTC_96ccf.dir/build
gmake[1]: se entra en el directorio '/home/macj/fact/FACT++/build/CMakeFiles/CMakeTmp'
Building C object CMakeFiles/cmTC_96ccf.dir/CheckFunctionExists.c.o
/usr/bin/clang   -DCHECK_FUNCTION_EXISTS=pthread_create   -o CMakeFiles/cmTC_96ccf.dir/CheckFunctionExists.c.o   -c /usr/share/cmake/Modules/CheckFunctionExists.c
Linking C executable cmTC_96ccf
/usr/bin/cmake -E cmake_link_script CMakeFiles/cmTC_96ccf.dir/link.txt --verbose=1
/usr/bin/clang  -DCHECK_FUNCTION_EXISTS=pthread_create    -rdynamic CMakeFiles/cmTC_96ccf.dir/CheckFunctionExists.c.o  -o cmTC_96ccf  -lpthreads 
/usr/bin/ld: no se puede encontrar -lpthreads
clang-10: error: linker command failed with exit code 1 (use -v to see invocation)
gmake[1]: *** [CMakeFiles/cmTC_96ccf.dir/build.make:107: cmTC_96ccf] Error 1
gmake[1]: se sale del directorio '/home/macj/fact/FACT++/build/CMakeFiles/CMakeTmp'
gmake: *** [Makefile:141: cmTC_96ccf/fast] Error 2



Determining if the Q_WS_WIN exist failed with the following output:
Change Dir: /home/macj/fact/FACT++/build/CMakeFiles/CMakeTmp

Run Build Command(s):/usr/bin/gmake cmTC_36f13/fast && /usr/bin/gmake  -f CMakeFiles/cmTC_36f13.dir/build.make CMakeFiles/cmTC_36f13.dir/build
gmake[1]: se entra en el directorio '/home/macj/fact/FACT++/build/CMakeFiles/CMakeTmp'
Building CXX object CMakeFiles/cmTC_36f13.dir/CheckSymbolExists.cxx.o
/usr/bin/clang++     -o CMakeFiles/cmTC_36f13.dir/CheckSymbolExists.cxx.o -c /home/macj/fact/FACT++/build/CMakeFiles/CMakeTmp/CheckSymbolExists.cxx
/home/macj/fact/FACT++/build/CMakeFiles/CMakeTmp/CheckSymbolExists.cxx:8:19: error: use of undeclared identifier 'Q_WS_WIN'
  return ((int*)(&Q_WS_WIN))[argc];
                  ^
1 error generated.
gmake[1]: *** [CMakeFiles/cmTC_36f13.dir/build.make:86: CMakeFiles/cmTC_36f13.dir/CheckSymbolExists.cxx.o] Error 1
gmake[1]: se sale del directorio '/home/macj/fact/FACT++/build/CMakeFiles/CMakeTmp'
gmake: *** [Makefile:141: cmTC_36f13/fast] Error 2


File /home/macj/fact/FACT++/build/CMakeFiles/CMakeTmp/CheckSymbolExists.cxx:
/* */
#include <QtCore/qglobal.h>

int main(int argc, char** argv)
{
  (void)argv;
#ifndef Q_WS_WIN
  return ((int*)(&Q_WS_WIN))[argc];
#else
  (void)argc;
  return 0;
#endif
}
Determining if the Q_WS_QWS exist failed with the following output:
Change Dir: /home/macj/fact/FACT++/build/CMakeFiles/CMakeTmp

Run Build Command(s):/usr/bin/gmake cmTC_0b291/fast && /usr/bin/gmake  -f CMakeFiles/cmTC_0b291.dir/build.make CMakeFiles/cmTC_0b291.dir/build
gmake[1]: se entra en el directorio '/home/macj/fact/FACT++/build/CMakeFiles/CMakeTmp'
Building CXX object CMakeFiles/cmTC_0b291.dir/CheckSymbolExists.cxx.o
/usr/bin/clang++     -o CMakeFiles/cmTC_0b291.dir/CheckSymbolExists.cxx.o -c /home/macj/fact/FACT++/build/CMakeFiles/CMakeTmp/CheckSymbolExists.cxx
/home/macj/fact/FACT++/build/CMakeFiles/CMakeTmp/CheckSymbolExists.cxx:8:19: error: use of undeclared identifier 'Q_WS_QWS'
  return ((int*)(&Q_WS_QWS))[argc];
                  ^
1 error generated.
gmake[1]: *** [CMakeFiles/cmTC_0b291.dir/build.make:86: CMakeFiles/cmTC_0b291.dir/CheckSymbolExists.cxx.o] Error 1
gmake[1]: se sale del directorio '/home/macj/fact/FACT++/build/CMakeFiles/CMakeTmp'
gmake: *** [Makefile:141: cmTC_0b291/fast] Error 2


File /home/macj/fact/FACT++/build/CMakeFiles/CMakeTmp/CheckSymbolExists.cxx:
/* */
#include <QtCore/qglobal.h>

int main(int argc, char** argv)
{
  (void)argv;
#ifndef Q_WS_QWS
  return ((int*)(&Q_WS_QWS))[argc];
#else
  (void)argc;
  return 0;
#endif
}
Determining if the Q_WS_MAC exist failed with the following output:
Change Dir: /home/macj/fact/FACT++/build/CMakeFiles/CMakeTmp

Run Build Command(s):/usr/bin/gmake cmTC_321ab/fast && /usr/bin/gmake  -f CMakeFiles/cmTC_321ab.dir/build.make CMakeFiles/cmTC_321ab.dir/build
gmake[1]: se entra en el directorio '/home/macj/fact/FACT++/build/CMakeFiles/CMakeTmp'
Building CXX object CMakeFiles/cmTC_321ab.dir/CheckSymbolExists.cxx.o
/usr/bin/clang++     -o CMakeFiles/cmTC_321ab.dir/CheckSymbolExists.cxx.o -c /home/macj/fact/FACT++/build/CMakeFiles/CMakeTmp/CheckSymbolExists.cxx
/home/macj/fact/FACT++/build/CMakeFiles/CMakeTmp/CheckSymbolExists.cxx:8:19: error: use of undeclared identifier 'Q_WS_MAC'
  return ((int*)(&Q_WS_MAC))[argc];
                  ^
1 error generated.
gmake[1]: *** [CMakeFiles/cmTC_321ab.dir/build.make:86: CMakeFiles/cmTC_321ab.dir/CheckSymbolExists.cxx.o] Error 1
gmake[1]: se sale del directorio '/home/macj/fact/FACT++/build/CMakeFiles/CMakeTmp'
gmake: *** [Makefile:141: cmTC_321ab/fast] Error 2


File /home/macj/fact/FACT++/build/CMakeFiles/CMakeTmp/CheckSymbolExists.cxx:
/* */
#include <QtCore/qglobal.h>

int main(int argc, char** argv)
{
  (void)argv;
#ifndef Q_WS_MAC
  return ((int*)(&Q_WS_MAC))[argc];
#else
  (void)argc;
  return 0;
#endif
}
